2025-09-27 12:07:30 - INFO - DataProcessing Intialized
2025-09-27 12:07:30 - INFO - Data loaded sucesfully for Data Processing
2025-09-27 12:07:30 - INFO - Filtered users sucesfully...
2025-09-27 12:07:30 - INFO - Scalind done for Processing 
2025-09-27 12:07:30 - INFO - Encoding done for Users and Anime
2025-09-27 12:07:30 - INFO - Data splitted sucesfullyy
2025-09-27 12:07:30 - INFO - user2user_encoded saved sucesfully in processed directory
2025-09-27 12:07:31 - INFO - user2user_decoded saved sucesfully in processed directory
2025-09-27 12:07:31 - INFO - anim2anime_encoded saved sucesfully in processed directory
2025-09-27 12:07:31 - INFO - anim2anime_decoded saved sucesfully in processed directory
2025-09-27 12:07:32 - INFO - ALl the training testing data as well as rating_df is saved now..
2025-09-27 12:07:39 - INFO - DF AND SYNOPSIS_Df saved sucesfullyy...
2025-09-27 12:07:39 - INFO - Data Processing Pipeline Run sucesfully .... Congrats
2025-09-27 12:34:15 - INFO - Model Training
2025-09-27 12:34:15 - INFO - Data loaded sucesfully for Model Trainig
2025-09-27 12:34:15 - INFO - Succesfully read the YAML file
2025-09-27 12:34:15 - INFO - Loaded configuration from config.yaml
2025-09-27 12:34:15 - INFO - Model created sucesfully....
2025-09-27 12:34:29 - INFO - Model training Completedd.....
2025-09-27 12:34:29 - WARNING - You are saving your model as an HDF5 file via `model.save()` or `keras.saving.save_model(model)`. This file format is considered legacy. We recommend using instead the native Keras format, e.g. `model.save('my_model.keras')` or `keras.saving.save_model(model, 'my_model.keras')`. 
2025-09-27 12:34:29 - INFO - Model saved to artifacts/model\model.h5
2025-09-27 12:34:29 - INFO - Extracting weights for user_embedding
2025-09-27 12:34:29 - INFO - Extracting weights for anime_embedding
2025-09-27 12:34:29 - INFO - User and Anime weights saved sucesfully....
2025-09-27 13:02:22 - INFO - Model Training
2025-09-27 13:02:22 - INFO - Data loaded sucesfully for Model Trainig
2025-09-27 13:02:22 - INFO - Succesfully read the YAML file
2025-09-27 13:02:22 - INFO - Loaded configuration from config.yaml
2025-09-27 13:02:22 - INFO - Model created sucesfully....
2025-09-27 13:02:40 - INFO - Model training Completedd.....
2025-09-27 13:02:40 - WARNING - You are saving your model as an HDF5 file via `model.save()` or `keras.saving.save_model(model)`. This file format is considered legacy. We recommend using instead the native Keras format, e.g. `model.save('my_model.keras')` or `keras.saving.save_model(model, 'my_model.keras')`. 
2025-09-27 13:02:40 - INFO - Model saved to artifacts/model\model.h5
2025-09-27 13:02:40 - INFO - Extracting weights for user_embedding
2025-09-27 13:02:40 - INFO - Extracting weights for anime_embedding
2025-09-27 13:02:40 - INFO - User and Anime weights saved sucesfully....
2025-09-27 13:05:27 - INFO - Model Training
2025-09-27 13:05:27 - INFO - Data loaded sucesfully for Model Trainig
2025-09-27 13:05:27 - INFO - Succesfully read the YAML file
2025-09-27 13:05:27 - INFO - Loaded configuration from config.yaml
2025-09-27 13:05:27 - INFO - Model created sucesfully....
2025-09-27 13:05:41 - INFO - Model training Completedd.....
2025-09-27 13:05:41 - WARNING - You are saving your model as an HDF5 file via `model.save()` or `keras.saving.save_model(model)`. This file format is considered legacy. We recommend using instead the native Keras format, e.g. `model.save('my_model.keras')` or `keras.saving.save_model(model, 'my_model.keras')`. 
2025-09-27 13:05:41 - INFO - Model saved to artifacts/model\model.h5
2025-09-27 13:05:41 - INFO - Extracting weights for user_embedding
2025-09-27 13:05:41 - INFO - Extracting weights for anime_embedding
2025-09-27 13:05:41 - INFO - User and Anime weights saved sucesfully....
2025-09-27 13:08:28 - INFO - Model Training
2025-09-27 13:08:29 - INFO - Data loaded sucesfully for Model Trainig
2025-09-27 13:08:29 - INFO - Succesfully read the YAML file
2025-09-27 13:08:29 - INFO - Loaded configuration from config.yaml
2025-09-27 13:08:29 - INFO - Model created sucesfully....
2025-09-27 13:08:56 - INFO - Model training Completedd.....
2025-09-27 13:08:56 - WARNING - You are saving your model as an HDF5 file via `model.save()` or `keras.saving.save_model(model)`. This file format is considered legacy. We recommend using instead the native Keras format, e.g. `model.save('my_model.keras')` or `keras.saving.save_model(model, 'my_model.keras')`. 
2025-09-27 13:08:56 - INFO - Model saved to artifacts/model\model.h5
2025-09-27 13:08:56 - INFO - Extracting weights for user_embedding
2025-09-27 13:08:56 - INFO - Extracting weights for anime_embedding
2025-09-27 13:08:56 - INFO - User and Anime weights saved sucesfully....
